INFO:root:established a connection with client dog.cs.ucla.edu
INFO:root:received from client dog.cs.ucla.edu: IAMAT dog.cs.ucla.edu +34.068930-118.445127 1520023934.918963997
INFO:root:updating location info for client dog.cs.ucla.edu
INFO:root:sent to client dog.cs.ucla.edu: AT Hands 54690997.582561016 dog.cs.ucla.edu +34.068930-118.445127 1520023934.918963997
INFO:root:flooding to servers Wilkes, Goloman
INFO:root:attempting to connect to server Wilkes
INFO:root:successfully connected to server Wilkes
INFO:root:sent to neighboring server Wilkes: AT Hands 54690997.582561016 dog.cs.ucla.edu +34.068930-118.445127 1520023934.918963997
INFO:root:closed connection with server Wilkes
INFO:root:attempting to connect to server Goloman
INFO:root:successfully connected to server Goloman
INFO:root:sent to neighboring server Goloman: AT Hands 54690997.582561016 dog.cs.ucla.edu +34.068930-118.445127 1520023934.918963997
INFO:root:closed connection with server Goloman
INFO:root:established a connection with neighboring server
INFO:root:received from neighboring server: AT Hands 54690997.582561016 dog.cs.ucla.edu +34.068930-118.445127 1520023934.918963997
INFO:root:location info already up to date for client dog.cs.ucla.edu
INFO:root:closed connection with neighboring server
INFO:root:established connection with unknown client
INFO:root:INVALID message received: 
INFO:root:sent: ? 
INFO:root:closed connection with unknown client
INFO:root:established a connection with neighboring server
INFO:root:received from neighboring server: AT Hands 54690997.582561016 dog.cs.ucla.edu +34.068930-118.445127 1520023934.918963997
INFO:root:location info already up to date for client dog.cs.ucla.edu
INFO:root:closed connection with neighboring server
INFO:root:established connection with unknown client
INFO:root:INVALID message received: 
INFO:root:sent: ? 
INFO:root:closed connection with unknown client
INFO:root:established a connection with neighboring server
INFO:root:received from neighboring server: AT Holiday 54691096.60793829 kiwi.cs.ucla.edu +34.068930-118.445127 1520023934.918963997
INFO:root:updating location info for client kiwi.cs.ucla.edu
INFO:root:closed connection with neighboring server
INFO:root:flooding to servers Wilkes, Goloman
INFO:root:attempting to connect to server Wilkes
INFO:root:established connection with unknown client
INFO:root:INVALID message received: 
INFO:root:sent: ? 
INFO:root:closed connection with unknown client
INFO:root:established a connection with neighboring server
INFO:root:received from neighboring server: AT Holiday 54691096.60793829 kiwi.cs.ucla.edu +34.068930-118.445127 1520023934.918963997
INFO:root:location info already up to date for client kiwi.cs.ucla.edu
INFO:root:closed connection with neighboring server
INFO:root:established connection with unknown client
INFO:root:INVALID message received: 
INFO:root:sent: ? 
INFO:root:closed connection with unknown client
INFO:root:successfully connected to server Wilkes
INFO:root:sent to neighboring server Wilkes: AT Holiday 54691096.60793829 kiwi.cs.ucla.edu +34.068930-118.445127 1520023934.918963997
INFO:root:closed connection with server Wilkes
INFO:root:attempting to connect to server Goloman
INFO:root:successfully connected to server Goloman
INFO:root:sent to neighboring server Goloman: AT Holiday 54691096.60793829 kiwi.cs.ucla.edu +34.068930-118.445127 1520023934.918963997
INFO:root:closed connection with server Goloman
INFO:root:established a connection with client kiwi.cs.ucla.edu
INFO:root:received from client kiwi.cs.ucla.edu: WHATSAT kiwi.cs.ucla.edu 10 5
INFO:root:sent to client kiwi.cs.ucla.edu: AT Hands 54691109.20038915 kiwi.cs.ucla.edu +34.068930-118.445127 1520023934.918963997
{
    "html_attributions": [],
    "results": [
        {
            "geometry": {
                "location": {
                    "lat": 34.0688873,
                    "lng": -118.4450169
                },
                "viewport": {
                    "northeast": {
                        "lat": 34.0702312302915,
                        "lng": -118.4436835197085
                    },
                    "southwest": {
                        "lat": 34.0675332697085,
                        "lng": -118.4463814802915
                    }
                }
            },
            "icon": "https://maps.gstatic.com/mapfiles/place_api/icons/geocode-71.png",
            "id": "ef162ea4f60a0b3933fae75544dba377b996befa",
            "name": "Westwood Plaza",
            "place_id": "ChIJ6Re7qYi8woAR22jVhVAye2M",
            "reference": "ChIJ6Re7qYi8woAR22jVhVAye2M",
            "scope": "GOOGLE",
            "types": [
                "route"
            ],
            "vicinity": "Los Angeles"
        },
        {
            "geometry": {
                "location": {
                    "lat": 34.068921,
                    "lng": -118.4451811
                },
                "viewport": {
                    "northeast": {
                        "lat": 34.0828575,
                        "lng": -118.42990995
                    },
                    "southwest": {
                        "lat": 34.0575047,
                        "lng": -118.46313815
                    }
                }
            },
            "icon": "https://maps.gstatic.com/mapfiles/place_api/icons/school-71.png",
            "id": "4d56f16ad3d8976d49143fa4fdfffbc0a7ce8e39",
            "name": "University of California, Los Angeles",
            "photos": [
                {
                    "height": 612,
                    "html_attributions": [
                        "<a href=\"https://maps.google.com/maps/contrib/116146160493067041309/photos\">Alberto Sancho</a>"
                    ],
                    "photo_reference": "CmRaAAAAr4f5LoJ8B-gjyRbOLmRwepYNkl-OyWcuEG5aIPvKIv4BYn0dOMRRqXZXYN71jJgGvs4vjEuP2a03oVe8qvluBOnfkbEOW_YBp0wZBZjfaRLSbBdMrP9c6sEKDo7nAiAkEhCK2yQNJe7gEnkK7satJTvuGhQjwJJVSobXZ1m9dL2dQmoRelfCoQ",
                    "width": 903
                }
            ],
            "place_id": "ChIJZQ9c8IW8woARN0gTXFiTqSU",
            "plus_code": {
                "compound_code": "3H93+HW Los Angeles, California, United States",
                "global_code": "85633H93+HW"
            },
            "rating": 4.5,
            "reference": "ChIJZQ9c8IW8woARN0gTXFiTqSU",
            "scope": "GOOGLE",
            "types": [
                "university",
                "point_of_interest",
                "establishment"
            ],
            "user_ratings_total": 1613,
            "vicinity": "Los Angeles"
        },
        {
            "geometry": {
                "location": {
                    "lat": 34.0522342,
                    "lng": -118.2436849
                },
                "viewport": {
                    "northeast": {
                        "lat": 34.3373061,
                        "lng": -118.1552891
                    },
                    "southwest": {
                        "lat": 33.7036519,
                        "lng": -118.6681759
                    }
                }
            },
            "icon": "https://maps.gstatic.com/mapfiles/place_api/icons/geocode-71.png",
            "id": "7f7b7d8118ae8db8ed3f541159ac928c484d12ad",
            "name": "Los Angeles",
            "photos": [
                {
                    "height": 3024,
                    "html_attributions": [
                        "<a href=\"https://maps.google.com/maps/contrib/105065011873196276633/photos\">jazmin flores</a>"
                    ],
                    "photo_reference": "CmRZAAAAizF9bMoWZdr44kojborvuCg1tSf2fQrmPovr3qc4ntpStcPcWEgtl-4zFZ4I-5QSDW-yHVbJDyg78i1anXX6oJ_DrsTGpm7zDR3jn89i4EbqQSJl2DYsWIL9cRoKYBkBEhBzxYQjgbMj6x51uEMDYVokGhR92V-lGxLdSfiqKCTlIbCL6YF-3A",
                    "width": 4032
                }
            ],
            "place_id": "ChIJE9on3F3HwoAR9AhGJW_fL-I",
            "reference": "ChIJE9on3F3HwoAR9AhGJW_fL-I",
            "scope": "GOOGLE",
            "types": [
                "locality",
                "political"
            ],
            "vicinity": "Los Angeles"
        }
    ],
    "status": "OK"


INFO:root:established connection with unknown client
INFO:root:INVALID message received: 
INFO:root:sent: ? 
INFO:root:closed connection with unknown client
