INFO:root:established a connection with neighboring server
INFO:root:received from neighboring server: AT Hands 54724239.04519844 kiwi.cs.ucla.edu +34.068930-118.445127 1520023934.918963997
INFO:root:updating location info for client kiwi.cs.ucla.edu
INFO:root:flooding to servers Goloman, Hands, Holiday
INFO:root:attempting to connect to server Goloman
INFO:root:closed connection with neighboring server
INFO:root:successfully connected to server Goloman
INFO:root:sent to neighboring server Goloman: AT Hands 54724239.04519844 kiwi.cs.ucla.edu +34.068930-118.445127 1520023934.918963997
INFO:root:closed connection with server Goloman
INFO:root:attempting to connect to server Hands
INFO:root:successfully connected to server Hands
INFO:root:sent to neighboring server Hands: AT Hands 54724239.04519844 kiwi.cs.ucla.edu +34.068930-118.445127 1520023934.918963997
INFO:root:closed connection with server Hands
INFO:root:attempting to connect to server Holiday
INFO:root:successfully connected to server Holiday
INFO:root:sent to neighboring server Holiday: AT Hands 54724239.04519844 kiwi.cs.ucla.edu +34.068930-118.445127 1520023934.918963997
INFO:root:closed connection with server Holiday
INFO:root:established a connection with neighboring server
INFO:root:received from neighboring server: AT Hands 54724239.04519844 kiwi.cs.ucla.edu +34.068930-118.445127 1520023934.918963997
INFO:root:location info already up to date for client kiwi.cs.ucla.edu
INFO:root:closed connection with neighboring server
INFO:root:established a connection with neighboring server
INFO:root:received from neighboring server: AT Hands 54724239.04519844 kiwi.cs.ucla.edu +34.068930-118.445127 1520023934.918963997
INFO:root:location info already up to date for client kiwi.cs.ucla.edu
INFO:root:closed connection with neighboring server
INFO:root:established a connection with neighboring server
INFO:root:received from neighboring server: AT Hands 54724246.080387354 dog.cs.ucla.edu +34.068930-118.445127 1520023934.918963997
INFO:root:updating location info for client dog.cs.ucla.edu
INFO:root:flooding to servers Goloman, Hands, Holiday
INFO:root:attempting to connect to server Goloman
INFO:root:closed connection with neighboring server
INFO:root:successfully connected to server Goloman
INFO:root:sent to neighboring server Goloman: AT Hands 54724246.080387354 dog.cs.ucla.edu +34.068930-118.445127 1520023934.918963997
INFO:root:closed connection with server Goloman
INFO:root:attempting to connect to server Hands
INFO:root:successfully connected to server Hands
INFO:root:sent to neighboring server Hands: AT Hands 54724246.080387354 dog.cs.ucla.edu +34.068930-118.445127 1520023934.918963997
INFO:root:closed connection with server Hands
INFO:root:attempting to connect to server Holiday
INFO:root:successfully connected to server Holiday
INFO:root:sent to neighboring server Holiday: AT Hands 54724246.080387354 dog.cs.ucla.edu +34.068930-118.445127 1520023934.918963997
INFO:root:closed connection with server Holiday
INFO:root:established a connection with neighboring server
INFO:root:received from neighboring server: AT Hands 54724246.080387354 dog.cs.ucla.edu +34.068930-118.445127 1520023934.918963997
INFO:root:location info already up to date for client dog.cs.ucla.edu
INFO:root:closed connection with neighboring server
INFO:root:established a connection with neighboring server
INFO:root:received from neighboring server: AT Hands 54724246.080387354 dog.cs.ucla.edu +34.068930-118.445127 1520023934.918963997
INFO:root:location info already up to date for client dog.cs.ucla.edu
INFO:root:closed connection with neighboring server
